Traceback (most recent call last):
  File "/Users/carloscarrillo-gallegos/opt/anaconda3/lib/python3.8/site-packages/jupyter_cache/executors/utils.py", line 51, in single_nb_execution
    executenb(
  File "/Users/carloscarrillo-gallegos/opt/anaconda3/lib/python3.8/site-packages/nbclient/client.py", line 1087, in execute
    return NotebookClient(nb=nb, resources=resources, km=km, **kwargs).execute()
  File "/Users/carloscarrillo-gallegos/opt/anaconda3/lib/python3.8/site-packages/nbclient/util.py", line 74, in wrapped
    return just_run(coro(*args, **kwargs))
  File "/Users/carloscarrillo-gallegos/opt/anaconda3/lib/python3.8/site-packages/nbclient/util.py", line 53, in just_run
    return loop.run_until_complete(coro)
  File "/Users/carloscarrillo-gallegos/opt/anaconda3/lib/python3.8/asyncio/base_events.py", line 616, in run_until_complete
    return future.result()
  File "/Users/carloscarrillo-gallegos/opt/anaconda3/lib/python3.8/site-packages/nbclient/client.py", line 540, in async_execute
    await self.async_execute_cell(
  File "/Users/carloscarrillo-gallegos/opt/anaconda3/lib/python3.8/site-packages/nbclient/client.py", line 832, in async_execute_cell
    self._check_raise_for_error(cell, exec_reply)
  File "/Users/carloscarrillo-gallegos/opt/anaconda3/lib/python3.8/site-packages/nbclient/client.py", line 740, in _check_raise_for_error
    raise CellExecutionError.from_cell_and_msg(cell, exec_reply['content'])
nbclient.exceptions.CellExecutionError: An error occurred while executing the following cell:
------------------
%matplotlib widget
import numpy as np
import matplotlib.pyplot as plt
from matplotlib.widgets import Slider, Button
import matplotlib.animation as animation
import random
from itertools import count

#plt.rcParams["animation.html"] = "jshtml"

------------------

[0;31m---------------------------------------------------------------------------[0m
[0;31mModuleNotFoundError[0m                       Traceback (most recent call last)
[0;32m<ipython-input-1-e15472c494b0>[0m in [0;36m<module>[0;34m[0m
[0;32m----> 1[0;31m [0mget_ipython[0m[0;34m([0m[0;34m)[0m[0;34m.[0m[0mrun_line_magic[0m[0;34m([0m[0;34m'matplotlib'[0m[0;34m,[0m [0;34m'widget'[0m[0;34m)[0m[0;34m[0m[0;34m[0m[0m
[0m[1;32m      2[0m [0;32mimport[0m [0mnumpy[0m [0;32mas[0m [0mnp[0m[0;34m[0m[0;34m[0m[0m
[1;32m      3[0m [0;32mimport[0m [0mmatplotlib[0m[0;34m.[0m[0mpyplot[0m [0;32mas[0m [0mplt[0m[0;34m[0m[0;34m[0m[0m
[1;32m      4[0m [0;32mfrom[0m [0mmatplotlib[0m[0;34m.[0m[0mwidgets[0m [0;32mimport[0m [0mSlider[0m[0;34m,[0m [0mButton[0m[0;34m[0m[0;34m[0m[0m
[1;32m      5[0m [0;32mimport[0m [0mmatplotlib[0m[0;34m.[0m[0manimation[0m [0;32mas[0m [0manimation[0m[0;34m[0m[0;34m[0m[0m

[0;32m~/opt/anaconda3/lib/python3.8/site-packages/IPython/core/interactiveshell.py[0m in [0;36mrun_line_magic[0;34m(self, magic_name, line, _stack_depth)[0m
[1;32m   2325[0m                 [0mkwargs[0m[0;34m[[0m[0;34m'local_ns'[0m[0;34m][0m [0;34m=[0m [0mself[0m[0;34m.[0m[0mget_local_scope[0m[0;34m([0m[0mstack_depth[0m[0;34m)[0m[0;34m[0m[0;34m[0m[0m
[1;32m   2326[0m             [0;32mwith[0m [0mself[0m[0;34m.[0m[0mbuiltin_trap[0m[0;34m:[0m[0;34m[0m[0;34m[0m[0m
[0;32m-> 2327[0;31m                 [0mresult[0m [0;34m=[0m [0mfn[0m[0;34m([0m[0;34m*[0m[0margs[0m[0;34m,[0m [0;34m**[0m[0mkwargs[0m[0;34m)[0m[0;34m[0m[0;34m[0m[0m
[0m[1;32m   2328[0m             [0;32mreturn[0m [0mresult[0m[0;34m[0m[0;34m[0m[0m
[1;32m   2329[0m [0;34m[0m[0m

[0;32m<decorator-gen-101>[0m in [0;36mmatplotlib[0;34m(self, line)[0m

[0;32m~/opt/anaconda3/lib/python3.8/site-packages/IPython/core/magic.py[0m in [0;36m<lambda>[0;34m(f, *a, **k)[0m
[1;32m    185[0m     [0;31m# but it's overkill for just that one bit of state.[0m[0;34m[0m[0;34m[0m[0;34m[0m[0m
[1;32m    186[0m     [0;32mdef[0m [0mmagic_deco[0m[0;34m([0m[0marg[0m[0;34m)[0m[0;34m:[0m[0;34m[0m[0;34m[0m[0m
[0;32m--> 187[0;31m         [0mcall[0m [0;34m=[0m [0;32mlambda[0m [0mf[0m[0;34m,[0m [0;34m*[0m[0ma[0m[0;34m,[0m [0;34m**[0m[0mk[0m[0;34m:[0m [0mf[0m[0;34m([0m[0;34m*[0m[0ma[0m[0;34m,[0m [0;34m**[0m[0mk[0m[0;34m)[0m[0;34m[0m[0;34m[0m[0m
[0m[1;32m    188[0m [0;34m[0m[0m
[1;32m    189[0m         [0;32mif[0m [0mcallable[0m[0;34m([0m[0marg[0m[0;34m)[0m[0;34m:[0m[0;34m[0m[0;34m[0m[0m

[0;32m~/opt/anaconda3/lib/python3.8/site-packages/IPython/core/magics/pylab.py[0m in [0;36mmatplotlib[0;34m(self, line)[0m
[1;32m     97[0m             [0mprint[0m[0;34m([0m[0;34m"Available matplotlib backends: %s"[0m [0;34m%[0m [0mbackends_list[0m[0;34m)[0m[0;34m[0m[0;34m[0m[0m
[1;32m     98[0m         [0;32melse[0m[0;34m:[0m[0;34m[0m[0;34m[0m[0m
[0;32m---> 99[0;31m             [0mgui[0m[0;34m,[0m [0mbackend[0m [0;34m=[0m [0mself[0m[0;34m.[0m[0mshell[0m[0;34m.[0m[0menable_matplotlib[0m[0;34m([0m[0margs[0m[0;34m.[0m[0mgui[0m[0;34m.[0m[0mlower[0m[0;34m([0m[0;34m)[0m [0;32mif[0m [0misinstance[0m[0;34m([0m[0margs[0m[0;34m.[0m[0mgui[0m[0;34m,[0m [0mstr[0m[0;34m)[0m [0;32melse[0m [0margs[0m[0;34m.[0m[0mgui[0m[0;34m)[0m[0;34m[0m[0;34m[0m[0m
[0m[1;32m    100[0m             [0mself[0m[0;34m.[0m[0m_show_matplotlib_backend[0m[0;34m([0m[0margs[0m[0;34m.[0m[0mgui[0m[0;34m,[0m [0mbackend[0m[0;34m)[0m[0;34m[0m[0;34m[0m[0m
[1;32m    101[0m [0;34m[0m[0m

[0;32m~/opt/anaconda3/lib/python3.8/site-packages/IPython/core/interactiveshell.py[0m in [0;36menable_matplotlib[0;34m(self, gui)[0m
[1;32m   3504[0m                 [0mgui[0m[0;34m,[0m [0mbackend[0m [0;34m=[0m [0mpt[0m[0;34m.[0m[0mfind_gui_and_backend[0m[0;34m([0m[0mself[0m[0;34m.[0m[0mpylab_gui_select[0m[0;34m)[0m[0;34m[0m[0;34m[0m[0m
[1;32m   3505[0m [0;34m[0m[0m
[0;32m-> 3506[0;31m         [0mpt[0m[0;34m.[0m[0mactivate_matplotlib[0m[0;34m([0m[0mbackend[0m[0;34m)[0m[0;34m[0m[0;34m[0m[0m
[0m[1;32m   3507[0m         [0mpt[0m[0;34m.[0m[0mconfigure_inline_support[0m[0;34m([0m[0mself[0m[0;34m,[0m [0mbackend[0m[0;34m)[0m[0;34m[0m[0;34m[0m[0m
[1;32m   3508[0m [0;34m[0m[0m

[0;32m~/opt/anaconda3/lib/python3.8/site-packages/IPython/core/pylabtools.py[0m in [0;36mactivate_matplotlib[0;34m(backend)[0m
[1;32m    318[0m     [0;31m# when this function runs.[0m[0;34m[0m[0;34m[0m[0;34m[0m[0m
[1;32m    319[0m     [0;31m# So avoid needing matplotlib attribute-lookup to access pyplot.[0m[0;34m[0m[0;34m[0m[0;34m[0m[0m
[0;32m--> 320[0;31m     [0;32mfrom[0m [0mmatplotlib[0m [0;32mimport[0m [0mpyplot[0m [0;32mas[0m [0mplt[0m[0;34m[0m[0;34m[0m[0m
[0m[1;32m    321[0m [0;34m[0m[0m
[1;32m    322[0m     [0mplt[0m[0;34m.[0m[0mswitch_backend[0m[0;34m([0m[0mbackend[0m[0;34m)[0m[0;34m[0m[0;34m[0m[0m

[0;32m~/opt/anaconda3/lib/python3.8/site-packages/matplotlib/pyplot.py[0m in [0;36m<module>[0;34m[0m
[1;32m   2334[0m     [0mdict[0m[0;34m.[0m[0m__setitem__[0m[0;34m([0m[0mrcParams[0m[0;34m,[0m [0;34m"backend"[0m[0;34m,[0m [0mrcsetup[0m[0;34m.[0m[0m_auto_backend_sentinel[0m[0;34m)[0m[0;34m[0m[0;34m[0m[0m
[1;32m   2335[0m [0;31m# Set up the backend.[0m[0;34m[0m[0;34m[0m[0;34m[0m[0m
[0;32m-> 2336[0;31m [0mswitch_backend[0m[0;34m([0m[0mrcParams[0m[0;34m[[0m[0;34m"backend"[0m[0;34m][0m[0;34m)[0m[0;34m[0m[0;34m[0m[0m
[0m[1;32m   2337[0m [0;34m[0m[0m
[1;32m   2338[0m [0;31m# Just to be safe.  Interactive mode can be turned on without[0m[0;34m[0m[0;34m[0m[0;34m[0m[0m

[0;32m~/opt/anaconda3/lib/python3.8/site-packages/matplotlib/pyplot.py[0m in [0;36mswitch_backend[0;34m(newbackend)[0m
[1;32m    274[0m     [0mbackend_name[0m [0;34m=[0m [0mcbook[0m[0;34m.[0m[0m_backend_module_name[0m[0;34m([0m[0mnewbackend[0m[0;34m)[0m[0;34m[0m[0;34m[0m[0m
[1;32m    275[0m [0;34m[0m[0m
[0;32m--> 276[0;31m     [0;32mclass[0m [0mbackend_mod[0m[0;34m([0m[0mmatplotlib[0m[0;34m.[0m[0mbackend_bases[0m[0;34m.[0m[0m_Backend[0m[0;34m)[0m[0;34m:[0m[0;34m[0m[0;34m[0m[0m
[0m[1;32m    277[0m         [0mlocals[0m[0;34m([0m[0;34m)[0m[0;34m.[0m[0mupdate[0m[0;34m([0m[0mvars[0m[0;34m([0m[0mimportlib[0m[0;34m.[0m[0mimport_module[0m[0;34m([0m[0mbackend_name[0m[0;34m)[0m[0;34m)[0m[0;34m)[0m[0;34m[0m[0;34m[0m[0m
[1;32m    278[0m [0;34m[0m[0m

[0;32m~/opt/anaconda3/lib/python3.8/site-packages/matplotlib/pyplot.py[0m in [0;36mbackend_mod[0;34m()[0m
[1;32m    275[0m [0;34m[0m[0m
[1;32m    276[0m     [0;32mclass[0m [0mbackend_mod[0m[0;34m([0m[0mmatplotlib[0m[0;34m.[0m[0mbackend_bases[0m[0;34m.[0m[0m_Backend[0m[0;34m)[0m[0;34m:[0m[0;34m[0m[0;34m[0m[0m
[0;32m--> 277[0;31m         [0mlocals[0m[0;34m([0m[0;34m)[0m[0;34m.[0m[0mupdate[0m[0;34m([0m[0mvars[0m[0;34m([0m[0mimportlib[0m[0;34m.[0m[0mimport_module[0m[0;34m([0m[0mbackend_name[0m[0;34m)[0m[0;34m)[0m[0;34m)[0m[0;34m[0m[0;34m[0m[0m
[0m[1;32m    278[0m [0;34m[0m[0m
[1;32m    279[0m     [0mrequired_framework[0m [0;34m=[0m [0m_get_required_interactive_framework[0m[0;34m([0m[0mbackend_mod[0m[0;34m)[0m[0;34m[0m[0;34m[0m[0m

[0;32m~/opt/anaconda3/lib/python3.8/importlib/__init__.py[0m in [0;36mimport_module[0;34m(name, package)[0m
[1;32m    125[0m                 [0;32mbreak[0m[0;34m[0m[0;34m[0m[0m
[1;32m    126[0m             [0mlevel[0m [0;34m+=[0m [0;36m1[0m[0;34m[0m[0;34m[0m[0m
[0;32m--> 127[0;31m     [0;32mreturn[0m [0m_bootstrap[0m[0;34m.[0m[0m_gcd_import[0m[0;34m([0m[0mname[0m[0;34m[[0m[0mlevel[0m[0;34m:[0m[0;34m][0m[0;34m,[0m [0mpackage[0m[0;34m,[0m [0mlevel[0m[0;34m)[0m[0;34m[0m[0;34m[0m[0m
[0m[1;32m    128[0m [0;34m[0m[0m
[1;32m    129[0m [0;34m[0m[0m

[0;31mModuleNotFoundError[0m: No module named 'ipympl'
ModuleNotFoundError: No module named 'ipympl'

